<?xml version="1.0" encoding="UTF-8"?>
<testng-results ignored="0" total="1" passed="1" failed="0" skipped="0">
  <reporter-output>
  </reporter-output>
  <suite started-at="2025-07-05T19:15:04 IST" name="Default suite" finished-at="2025-07-05T19:15:08 IST" duration-ms="3323">
    <groups>
    </groups>
    <test started-at="2025-07-05T19:15:04 IST" name="Default test" finished-at="2025-07-05T19:15:08 IST" duration-ms="3323">
      <class name="com.rest.assured.verify">
        <test-method signature="testGetUniversitiesInCanada()[pri:0, instance:com.rest.assured.verify@79924b]" started-at="2025-07-05T19:15:04 IST" name="testGetUniversitiesInCanada" finished-at="2025-07-05T19:15:08 IST" duration-ms="3255" status="PASS">
          <reporter-output>
          </reporter-output>
        </test-method> <!-- testGetUniversitiesInCanada -->
      </class> <!-- com.rest.assured.verify -->
    </test> <!-- Default test -->
  </suite> <!-- Default suite -->
</testng-results>
