<?xml version="1.0" encoding="UTF-8"?>
<!-- Generated by org.testng.reporters.JUnitXMLReporter -->
<testsuite ignored="0" hostname="DESKTOP-14GEP46" failures="0" tests="3" name="chormeTest" time="915.714" errors="0" timestamp="2025-06-20T12:12:10 IST">
  <testcase classname="testMain.TestMain" name="testMain" time="318.927"/>
  <testcase classname="testMain.TestMain" name="testMain" time="275.3"/>
  <testcase classname="testMain.TestMain" name="testMain" time="272.857"/>
</testsuite> <!-- chormeTest -->
