<?xml version="1.0" encoding="UTF-8"?>
<!-- Generated by org.testng.reporters.JUnitXMLReporter -->
<testsuite ignored="0" hostname="DESKTOP-14GEP46" failures="0" tests="3" name="edgeTest" time="887.688" errors="0" timestamp="2025-06-20T11:56:54 IST">
  <testcase classname="testMain.TestMain" name="testMain" time="286.706"/>
  <testcase classname="testMain.TestMain" name="testMain" time="275.285"/>
  <testcase classname="testMain.TestMain" name="testMain" time="273.441"/>
</testsuite> <!-- edgeTest -->
