<?xml version="1.0" encoding="UTF-8"?>
<!-- Generated by org.testng.reporters.JUnitXMLReporter -->
<testsuite ignored="0" hostname="DESKTOP-14GEP46" failures="0" tests="3" name="Test" time="919.191" errors="0" timestamp="2025-06-18T17:51:21 IST">
  <testcase classname="seleniumMiniProject.TestMain" name="testMain" time="283.595"/>
  <testcase classname="seleniumMiniProject.TestMain" name="testMain" time="312.887"/>
  <testcase classname="seleniumMiniProject.TestMain" name="testMain" time="272.79"/>
</testsuite> <!-- Test -->
