<?xml version="1.0" encoding="UTF-8"?>
<!-- Generated by org.testng.reporters.JUnitXMLReporter -->
<testsuite ignored="0" hostname="LTIN472990" failures="0" tests="3" name="chromeTest" time="49.076" errors="0" timestamp="2025-07-02T17:06:05 IST">
  <testcase classname="testMain.Rediff_Main_Test" name="rediffMainTest" time="14.489"/>
  <testcase classname="testMain.Rediff_Main_Test" name="rediffMainTest" time="8.792"/>
  <testcase classname="testMain.Rediff_Main_Test" name="rediffMainTest" time="9.586"/>
</testsuite> <!-- chromeTest -->
