<?xml version="1.0" encoding="UTF-8"?>
<!-- Generated by org.testng.reporters.JUnitXMLReporter -->
<testsuite ignored="0" hostname="LTIN436630" failures="1" tests="1" name="Test2" time="10.412" errors="0" timestamp="2025-06-18T16:35:59 IST">
  <testcase classname="testMain.Rediff_Main_Test" name="dropDownTest" time="0.287">
    <failure type="org.testng.internal.reflect.MethodMatcherException" message="
[public void testMain.Rediff_Main_Test.dropDownTest(java.lang.String,java.lang.String,java.lang.String,java.lang.String,java.lang.String) throws java.io.IOException] has no parameters defined but was found to be using a data provider (either explicitly specified or inherited from class level annotation).
Data provider mismatch
Method: dropDownTest([java.lang.String arg0, java.lang.String arg1, java.lang.String arg2, java.lang.String arg3, java.lang.String arg4])
Arguments: [(java.lang.String) Kamal,(java.lang.String) kamal1234,(java.lang.String) Kamal@1234,(java.lang.String) 20-JUN-2000,(java.lang.String) India,(java.lang.String) ]">
      <![CDATA[org.testng.internal.reflect.MethodMatcherException: 
[public void testMain.Rediff_Main_Test.dropDownTest(java.lang.String,java.lang.String,java.lang.String,java.lang.String,java.lang.String) throws java.io.IOException] has no parameters defined but was found to be using a data provider (either explicitly specified or inherited from class level annotation).
Data provider mismatch
Method: dropDownTest([java.lang.String arg0, java.lang.String arg1, java.lang.String arg2, java.lang.String arg3, java.lang.String arg4])
Arguments: [(java.lang.String) Kamal,(java.lang.String) kamal1234,(java.lang.String) Kamal@1234,(java.lang.String) 20-JUN-2000,(java.lang.String) India,(java.lang.String) ]
at java.base/java.util.ArrayList.forEach(ArrayList.java:1596)
... Removed 22 stack frames]]>
    </failure>
  </testcase> <!-- dropDownTest -->
</testsuite> <!-- Test2 -->
