<?xml version="1.0" encoding="UTF-8"?>
<!-- Generated by org.testng.reporters.JUnitXMLReporter -->
<testsuite ignored="0" hostname="LTIN580206" failures="1" tests="2" name="Chrome Test" time="47.316" errors="0" timestamp="2025-07-07T14:16:54 IST">
  <testcase classname="tests.AddEditEmployeeTest" name="testAddEditEmployee" time="15.335"/>
  <testcase classname="tests.AddEditEmployeeTest" name="testAddEditEmployee" time="12.599">
    <failure type="java.lang.AssertionError" message="Nationality is empty or blank expected [false] but found [true]">
      <![CDATA[java.lang.AssertionError: Nationality is empty or blank expected [false] but found [true]
at tests.AddEditEmployeeTest.testAddEditEmployee(AddEditEmployeeTest.java:72)
at java.base/java.util.ArrayList.forEach(ArrayList.java:1596)
... Removed 28 stack frames]]>
    </failure>
  </testcase> <!-- testAddEditEmployee -->
</testsuite> <!-- Chrome Test -->
