<?xml version="1.0" encoding="UTF-8"?>
<testng-results ignored="0" total="1" passed="1" failed="0" skipped="0">
  <reporter-output>
  </reporter-output>
  <suite started-at="2025-07-05T18:13:43 IST" name="Default suite" finished-at="2025-07-05T18:13:47 IST" duration-ms="3976">
    <groups>
    </groups>
    <test started-at="2025-07-05T18:13:43 IST" name="Default test" finished-at="2025-07-05T18:13:47 IST" duration-ms="3976">
      <class name="com.rest.assured.verify">
        <test-method signature="uploadFileTest()[pri:0, instance:com.rest.assured.verify@5af3afd9]" started-at="2025-07-05T18:13:43 IST" name="uploadFileTest" finished-at="2025-07-05T18:13:47 IST" duration-ms="3923" status="PASS">
          <reporter-output>
          </reporter-output>
        </test-method> <!-- uploadFileTest -->
      </class> <!-- com.rest.assured.verify -->
    </test> <!-- Default test -->
  </suite> <!-- Default suite -->
</testng-results>
