<?xml version="1.0" encoding="UTF-8"?>
<testng-results ignored="0" total="1" passed="1" failed="0" skipped="0">
  <reporter-output>
  </reporter-output>
  <suite started-at="2025-07-01T11:44:49 IST" name="Surefire suite" finished-at="2025-07-01T11:45:17 IST" duration-ms="27895">
    <groups>
    </groups>
    <test started-at="2025-07-01T11:44:49 IST" name="Surefire test" finished-at="2025-07-01T11:45:17 IST" duration-ms="27895">
      <class name="com.TestScenario.TestMain">
        <test-method is-config="true" signature="startReporter()[pri:0, instance:com.TestScenario.TestMain@2e4b8173]" started-at="2025-07-01T11:44:49 IST" name="startReporter" finished-at="2025-07-01T11:44:49 IST" duration-ms="338" status="PASS">
          <reporter-output>
          </reporter-output>
        </test-method> <!-- startReporter -->
        <test-method is-config="true" signature="setup(java.lang.String)[pri:0, instance:com.TestScenario.TestMain@2e4b8173]" started-at="2025-07-01T11:44:49 IST" name="setup" finished-at="2025-07-01T11:45:00 IST" duration-ms="11187" status="PASS">
          <params>
            <param index="0">
              <value>
                <![CDATA[chrome]]>
              </value>
            </param>
          </params>
          <reporter-output>
          </reporter-output>
        </test-method> <!-- setup -->
        <test-method signature="testFlightSearch()[pri:0, instance:com.TestScenario.TestMain@2e4b8173]" started-at="2025-07-01T11:45:00 IST" name="testFlightSearch" finished-at="2025-07-01T11:45:13 IST" duration-ms="12437" status="PASS">
          <reporter-output>
          </reporter-output>
        </test-method> <!-- testFlightSearch -->
        <test-method is-config="true" signature="getResult(org.testng.ITestResult)[pri:0, instance:com.TestScenario.TestMain@2e4b8173]" started-at="2025-07-01T11:45:13 IST" name="getResult" finished-at="2025-07-01T11:45:13 IST" duration-ms="7" status="PASS">
          <params>
            <param index="0">
              <value>
                <![CDATA[[TestResult name=testFlightSearch status=SUCCESS method=TestMain.testFlightSearch()[pri:0, instance:com.TestScenario.TestMain@2e4b8173] output={null}]]]>
              </value>
            </param>
          </params>
          <reporter-output>
          </reporter-output>
        </test-method> <!-- getResult -->
        <test-method is-config="true" signature="tearDown()[pri:0, instance:com.TestScenario.TestMain@2e4b8173]" started-at="2025-07-01T11:45:13 IST" name="tearDown" finished-at="2025-07-01T11:45:16 IST" duration-ms="3470" status="PASS">
          <reporter-output>
          </reporter-output>
        </test-method> <!-- tearDown -->
        <test-method is-config="true" signature="flushReport()[pri:0, instance:com.TestScenario.TestMain@2e4b8173]" started-at="2025-07-01T11:45:16 IST" name="flushReport" finished-at="2025-07-01T11:45:17 IST" duration-ms="396" status="PASS">
          <reporter-output>
          </reporter-output>
        </test-method> <!-- flushReport -->
      </class> <!-- com.TestScenario.TestMain -->
    </test> <!-- Surefire test -->
  </suite> <!-- Surefire suite -->
</testng-results>
