<?xml version="1.0" encoding="UTF-8"?>
<!-- Generated by org.testng.reporters.JUnitXMLReporter -->
<testsuite ignored="0" hostname="LTIN607638" failures="0" tests="9" name="FlipKart - Chrome" time="59.759" errors="0" timestamp="2025-06-23T18:42:03 IST">
  <testcase classname="TestRepository.TestMain" name="openBrowser" time="0.293"/>
  <testcase classname="TestRepository.TestMain" name="selectMenu" time="23.227"/>
  <testcase classname="TestRepository.TestMain" name="validatePage" time="0.037"/>
  <testcase classname="TestRepository.TestMain" name="navigate" time="0.199"/>
  <testcase classname="TestRepository.TestMain" name="slider" time="0.605"/>
  <testcase classname="TestRepository.TestMain" name="selectPie" time="1.028"/>
  <testcase classname="TestRepository.TestMain" name="selectNewest" time="1.283"/>
  <testcase classname="TestRepository.TestMain" name="putData" time="2.565"/>
  <testcase classname="TestRepository.TestMain" name="checkproduct" time="0.136"/>
</testsuite> <!-- FlipKart - Chrome -->
