<?xml version="1.0" encoding="UTF-8"?>
<testng-results ignored="0" total="6" passed="6" failed="0" skipped="0">
  <reporter-output>
  </reporter-output>
  <suite started-at="2025-07-07T14:17:31 IST" name="AlertConfirmPromptSuite" finished-at="2025-07-07T14:20:40 IST" duration-ms="189108">
    <groups>
    </groups>
    <test started-at="2025-07-07T14:17:31 IST" name="AlertConfirmPromptSuiteTests" finished-at="2025-07-07T14:19:10 IST" duration-ms="99600">
      <class name="com.test.TestScenario.AlertPromptConfirm">
        <test-method is-config="true" signature="startReporter()[pri:0, instance:com.test.TestScenario.AlertPromptConfirm@3bf7ca37]" started-at="2025-07-07T14:17:31 IST" name="startReporter" finished-at="2025-07-07T14:17:32 IST" duration-ms="1074" status="PASS">
          <reporter-output>
          </reporter-output>
        </test-method> <!-- startReporter -->
        <test-method is-config="true" signature="setup(java.lang.String)[pri:0, instance:com.test.TestScenario.AlertPromptConfirm@3bf7ca37]" started-at="2025-07-07T14:17:32 IST" name="setup" finished-at="2025-07-07T14:19:03 IST" duration-ms="91805" status="PASS">
          <params>
            <param index="0">
              <value>
                <![CDATA[chrome]]>
              </value>
            </param>
          </params>
          <reporter-output>
          </reporter-output>
        </test-method> <!-- setup -->
        <test-method signature="testAlertWithOk()[pri:1, instance:com.test.TestScenario.AlertPromptConfirm@3bf7ca37]" started-at="2025-07-07T14:19:03 IST" name="testAlertWithOk" finished-at="2025-07-07T14:19:04 IST" duration-ms="884" status="PASS">
          <reporter-output>
          </reporter-output>
        </test-method> <!-- testAlertWithOk -->
        <test-method is-config="true" signature="getResult(org.testng.ITestResult)[pri:0, instance:com.test.TestScenario.AlertPromptConfirm@3bf7ca37]" started-at="2025-07-07T14:19:04 IST" name="getResult" finished-at="2025-07-07T14:19:04 IST" duration-ms="12" status="PASS">
          <params>
            <param index="0">
              <value>
                <![CDATA[[TestResult name=testAlertWithOk status=SUCCESS method=AlertPromptConfirm.testAlertWithOk()[pri:1, instance:com.test.TestScenario.AlertPromptConfirm@3bf7ca37] output={null}]]]>
              </value>
            </param>
          </params>
          <reporter-output>
          </reporter-output>
        </test-method> <!-- getResult -->
        <test-method signature="testAlertWithOkCancel()[pri:2, instance:com.test.TestScenario.AlertPromptConfirm@3bf7ca37]" started-at="2025-07-07T14:19:04 IST" name="testAlertWithOkCancel" finished-at="2025-07-07T14:19:05 IST" duration-ms="798" status="PASS">
          <reporter-output>
          </reporter-output>
        </test-method> <!-- testAlertWithOkCancel -->
        <test-method is-config="true" signature="getResult(org.testng.ITestResult)[pri:0, instance:com.test.TestScenario.AlertPromptConfirm@3bf7ca37]" started-at="2025-07-07T14:19:05 IST" name="getResult" finished-at="2025-07-07T14:19:05 IST" duration-ms="2" status="PASS">
          <params>
            <param index="0">
              <value>
                <![CDATA[[TestResult name=testAlertWithOkCancel status=SUCCESS method=AlertPromptConfirm.testAlertWithOkCancel()[pri:2, instance:com.test.TestScenario.AlertPromptConfirm@3bf7ca37] output={null}]]]>
              </value>
            </param>
          </params>
          <reporter-output>
          </reporter-output>
        </test-method> <!-- getResult -->
        <test-method signature="testAlertWithTextBox()[pri:3, instance:com.test.TestScenario.AlertPromptConfirm@3bf7ca37]" started-at="2025-07-07T14:19:05 IST" name="testAlertWithTextBox" finished-at="2025-07-07T14:19:06 IST" duration-ms="1005" status="PASS">
          <reporter-output>
          </reporter-output>
        </test-method> <!-- testAlertWithTextBox -->
        <test-method is-config="true" signature="getResult(org.testng.ITestResult)[pri:0, instance:com.test.TestScenario.AlertPromptConfirm@3bf7ca37]" started-at="2025-07-07T14:19:06 IST" name="getResult" finished-at="2025-07-07T14:19:06 IST" duration-ms="2" status="PASS">
          <params>
            <param index="0">
              <value>
                <![CDATA[[TestResult name=testAlertWithTextBox status=SUCCESS method=AlertPromptConfirm.testAlertWithTextBox()[pri:3, instance:com.test.TestScenario.AlertPromptConfirm@3bf7ca37] output={null}]]]>
              </value>
            </param>
          </params>
          <reporter-output>
          </reporter-output>
        </test-method> <!-- getResult -->
        <test-method is-config="true" signature="tearDown()[pri:0, instance:com.test.TestScenario.AlertPromptConfirm@3bf7ca37]" started-at="2025-07-07T14:19:06 IST" name="tearDown" finished-at="2025-07-07T14:19:09 IST" duration-ms="3048" status="PASS">
          <reporter-output>
          </reporter-output>
        </test-method> <!-- tearDown -->
        <test-method is-config="true" signature="flushReport()[pri:0, instance:com.test.TestScenario.AlertPromptConfirm@3bf7ca37]" started-at="2025-07-07T14:19:09 IST" name="flushReport" finished-at="2025-07-07T14:19:10 IST" duration-ms="876" status="PASS">
          <reporter-output>
          </reporter-output>
        </test-method> <!-- flushReport -->
      </class> <!-- com.test.TestScenario.AlertPromptConfirm -->
    </test> <!-- AlertConfirmPromptSuiteTests -->
    <test started-at="2025-07-07T14:19:10 IST" name="AlertConfirmPromptSuiteTests2" finished-at="2025-07-07T14:20:40 IST" duration-ms="89464">
      <class name="com.test.TestScenario.AlertPromptConfirm">
        <test-method is-config="true" signature="startReporter()[pri:0, instance:com.test.TestScenario.AlertPromptConfirm@71e9ddb4]" started-at="2025-07-07T14:19:10 IST" name="startReporter" finished-at="2025-07-07T14:19:10 IST" duration-ms="3" status="PASS">
          <reporter-output>
          </reporter-output>
        </test-method> <!-- startReporter -->
        <test-method is-config="true" signature="setup(java.lang.String)[pri:0, instance:com.test.TestScenario.AlertPromptConfirm@71e9ddb4]" started-at="2025-07-07T14:19:10 IST" name="setup" finished-at="2025-07-07T14:20:34 IST" duration-ms="83929" status="PASS">
          <params>
            <param index="0">
              <value>
                <![CDATA[edge]]>
              </value>
            </param>
          </params>
          <reporter-output>
          </reporter-output>
        </test-method> <!-- setup -->
        <test-method signature="testAlertWithOk()[pri:1, instance:com.test.TestScenario.AlertPromptConfirm@71e9ddb4]" started-at="2025-07-07T14:20:34 IST" name="testAlertWithOk" finished-at="2025-07-07T14:20:35 IST" duration-ms="627" status="PASS">
          <reporter-output>
          </reporter-output>
        </test-method> <!-- testAlertWithOk -->
        <test-method is-config="true" signature="getResult(org.testng.ITestResult)[pri:0, instance:com.test.TestScenario.AlertPromptConfirm@71e9ddb4]" started-at="2025-07-07T14:20:35 IST" name="getResult" finished-at="2025-07-07T14:20:35 IST" duration-ms="1" status="PASS">
          <params>
            <param index="0">
              <value>
                <![CDATA[[TestResult name=testAlertWithOk status=SUCCESS method=AlertPromptConfirm.testAlertWithOk()[pri:1, instance:com.test.TestScenario.AlertPromptConfirm@71e9ddb4] output={null}]]]>
              </value>
            </param>
          </params>
          <reporter-output>
          </reporter-output>
        </test-method> <!-- getResult -->
        <test-method signature="testAlertWithOkCancel()[pri:2, instance:com.test.TestScenario.AlertPromptConfirm@71e9ddb4]" started-at="2025-07-07T14:20:35 IST" name="testAlertWithOkCancel" finished-at="2025-07-07T14:20:35 IST" duration-ms="538" status="PASS">
          <reporter-output>
          </reporter-output>
        </test-method> <!-- testAlertWithOkCancel -->
        <test-method is-config="true" signature="getResult(org.testng.ITestResult)[pri:0, instance:com.test.TestScenario.AlertPromptConfirm@71e9ddb4]" started-at="2025-07-07T14:20:35 IST" name="getResult" finished-at="2025-07-07T14:20:35 IST" duration-ms="1" status="PASS">
          <params>
            <param index="0">
              <value>
                <![CDATA[[TestResult name=testAlertWithOkCancel status=SUCCESS method=AlertPromptConfirm.testAlertWithOkCancel()[pri:2, instance:com.test.TestScenario.AlertPromptConfirm@71e9ddb4] output={null}]]]>
              </value>
            </param>
          </params>
          <reporter-output>
          </reporter-output>
        </test-method> <!-- getResult -->
        <test-method signature="testAlertWithTextBox()[pri:3, instance:com.test.TestScenario.AlertPromptConfirm@71e9ddb4]" started-at="2025-07-07T14:20:35 IST" name="testAlertWithTextBox" finished-at="2025-07-07T14:20:36 IST" duration-ms="669" status="PASS">
          <reporter-output>
          </reporter-output>
        </test-method> <!-- testAlertWithTextBox -->
        <test-method is-config="true" signature="getResult(org.testng.ITestResult)[pri:0, instance:com.test.TestScenario.AlertPromptConfirm@71e9ddb4]" started-at="2025-07-07T14:20:36 IST" name="getResult" finished-at="2025-07-07T14:20:36 IST" duration-ms="0" status="PASS">
          <params>
            <param index="0">
              <value>
                <![CDATA[[TestResult name=testAlertWithTextBox status=SUCCESS method=AlertPromptConfirm.testAlertWithTextBox()[pri:3, instance:com.test.TestScenario.AlertPromptConfirm@71e9ddb4] output={null}]]]>
              </value>
            </param>
          </params>
          <reporter-output>
          </reporter-output>
        </test-method> <!-- getResult -->
        <test-method is-config="true" signature="tearDown()[pri:0, instance:com.test.TestScenario.AlertPromptConfirm@71e9ddb4]" started-at="2025-07-07T14:20:36 IST" name="tearDown" finished-at="2025-07-07T14:20:40 IST" duration-ms="3591" status="PASS">
          <reporter-output>
          </reporter-output>
        </test-method> <!-- tearDown -->
        <test-method is-config="true" signature="flushReport()[pri:0, instance:com.test.TestScenario.AlertPromptConfirm@71e9ddb4]" started-at="2025-07-07T14:20:40 IST" name="flushReport" finished-at="2025-07-07T14:20:40 IST" duration-ms="92" status="PASS">
          <reporter-output>
          </reporter-output>
        </test-method> <!-- flushReport -->
      </class> <!-- com.test.TestScenario.AlertPromptConfirm -->
    </test> <!-- AlertConfirmPromptSuiteTests2 -->
  </suite> <!-- AlertConfirmPromptSuite -->
</testng-results>
