<?xml version="1.0" encoding="UTF-8"?>
<testng-results ignored="0" total="1" passed="1" failed="0" skipped="0">
  <reporter-output>
  </reporter-output>
  <suite started-at="2025-07-04T15:43:38 IST" name="Default suite" finished-at="2025-07-04T15:43:40 IST" duration-ms="1855">
    <groups>
    </groups>
    <test started-at="2025-07-04T15:43:38 IST" name="Default test" finished-at="2025-07-04T15:43:40 IST" duration-ms="1855">
      <class name="com.rest.assured.verify">
        <test-method signature="postJsonFromFileAndVerifyStatusCode()[pri:0, instance:com.rest.assured.verify@323b36e0]" started-at="2025-07-04T15:43:38 IST" name="postJsonFromFileAndVerifyStatusCode" finished-at="2025-07-04T15:43:40 IST" duration-ms="1823" status="PASS">
          <reporter-output>
          </reporter-output>
        </test-method> <!-- postJsonFromFileAndVerifyStatusCode -->
      </class> <!-- com.rest.assured.verify -->
    </test> <!-- Default test -->
  </suite> <!-- Default suite -->
</testng-results>
