<?xml version="1.0" encoding="UTF-8"?>
<!-- Generated by org.testng.reporters.JUnitXMLReporter -->
<testsuite ignored="0" hostname="LTIN542685" failures="0" tests="6" name="demoQATestChrome" time="52.464" errors="0" timestamp="2025-07-04T15:08:04 IST">
  <testcase classname="testScenario.MainTest" name="testhandleJavaScriptAlert" time="0.283"/>
  <testcase classname="testScenario.MainTest" name="testFormSubmissionWithJSE" time="1.173"/>
  <testcase classname="testScenario.MainTest" name="testFormSubmissionWithJSE" time="1.067"/>
  <testcase classname="testScenario.MainTest" name="testFormSubmissionWithJSE" time="1.038"/>
  <testcase classname="testScenario.MainTest" name="testFormSubmissionWithJSE" time="1.039"/>
  <testcase classname="testScenario.MainTest" name="testFormSubmissionWithJSE" time="1.027"/>
</testsuite> <!-- demoQATestChrome -->
