<?xml version="1.0" encoding="UTF-8"?>
<!-- Generated by org.testng.reporters.JUnitXMLReporter -->
<testsuite ignored="0" hostname="LTIN542685" failures="0" tests="6" name="demoQATestEdge" time="55.514" errors="0" timestamp="2025-07-04T15:07:11 IST">
  <testcase classname="testScenario.MainTest" name="testhandleJavaScriptAlert" time="0.382"/>
  <testcase classname="testScenario.MainTest" name="testFormSubmissionWithJSE" time="1.517"/>
  <testcase classname="testScenario.MainTest" name="testFormSubmissionWithJSE" time="1.121"/>
  <testcase classname="testScenario.MainTest" name="testFormSubmissionWithJSE" time="1.089"/>
  <testcase classname="testScenario.MainTest" name="testFormSubmissionWithJSE" time="1.105"/>
  <testcase classname="testScenario.MainTest" name="testFormSubmissionWithJSE" time="1.155"/>
</testsuite> <!-- demoQATestEdge -->
