<?xml version="1.0" encoding="UTF-8"?>
<!-- Generated by org.testng.reporters.JUnitXMLReporter -->
<testsuite ignored="0" hostname="LTIN606033" failures="0" tests="6" name="demoQATestEdge" time="63.802" errors="0" timestamp="2025-06-19T13:44:59 IST">
  <testcase classname="testScenario.MainTest" name="testhandleJavaScriptAlert" time="0.293"/>
  <testcase classname="testScenario.MainTest" name="testFormSubmissionWithJSE" time="1.383"/>
  <testcase classname="testScenario.MainTest" name="testFormSubmissionWithJSE" time="0.941"/>
  <testcase classname="testScenario.MainTest" name="testFormSubmissionWithJSE" time="1.121"/>
  <testcase classname="testScenario.MainTest" name="testFormSubmissionWithJSE" time="0.848"/>
  <testcase classname="testScenario.MainTest" name="testFormSubmissionWithJSE" time="1.02"/>
</testsuite> <!-- demoQATestEdge -->
