<?xml version="1.0" encoding="UTF-8"?>
<!-- Generated by org.testng.reporters.JUnitXMLReporter -->
<testsuite ignored="0" hostname="LTIN606033" failures="0" tests="15" name="edgeTest" time="200.091" errors="0" timestamp="2025-07-09T09:10:07 IST">
  <testcase classname="testCases.TC001_CarWashServices" name="carWashServices" time="10.361"/>
  <testcase classname="testCases.TC002_FreeListing" name="freeListing" time="2.663"/>
  <testcase classname="testCases.TC003_GymSubMenuList" name="gymSubMenuList" time="17.794"/>
  <testcase classname="testCases.TC004_Hostels" name="hostels" time="10.806"/>
  <testcase classname="testCases.TC005_Restaurants" name="restaurants" time="11.638"/>
  <testcase classname="testCases.TC006_CategorySearchResults" name="categorySearch" time="6.228"/>
  <testcase classname="testCases.TC006_CategorySearchResults" name="categorySearchResults" time="0.576"/>
  <testcase classname="testCases.TC006_CategorySearchResults" name="categorySearchResults" time="0.367"/>
  <testcase classname="testCases.TC006_CategorySearchResults" name="categorySearchResults" time="0.399"/>
  <testcase classname="testCases.TC006_CategorySearchResults" name="categorySearchResults" time="0.25"/>
  <testcase classname="testCases.TC006_CategorySearchResults" name="categorySearchResults" time="0.36"/>
  <testcase classname="testCases.TC007_SearchByNames" name="searchByNames" time="8.188"/>
  <testcase classname="testCases.TC008_BusBooking" name="BusBooking" time="12.4"/>
  <testcase classname="testCases.TC009_MovieBookingDetails" name="MovieBookingDetails" time="9.988"/>
  <testcase classname="testCases.TC010_MobileRecharge" name="MobileRecharge" time="9.066"/>
</testsuite> <!-- edgeTest -->
