<?xml version="1.0" encoding="UTF-8"?>
<!-- Generated by org.testng.reporters.JUnitXMLReporter -->
<testsuite ignored="0" hostname="LTIN606687" failures="0" tests="2" name="EdgeTest" time="0.819" errors="0" timestamp="2025-06-20T09:02:17 IST">
  <testcase classname="testScenario.FlipKartTest" name="FlipKartTestNG" time="0.0">
    <skipped/>
  </testcase> <!-- FlipKartTestNG -->
  <testcase classname="testScenario.FlipKartTest" name="ValidationTest" time="0.0">
    <skipped/>
  </testcase> <!-- ValidationTest -->
</testsuite> <!-- EdgeTest -->
