<?xml version="1.0" encoding="UTF-8"?>
<!-- Generated by org.testng.reporters.JUnitXMLReporter -->
<testsuite ignored="0" hostname="LTIN436630" failures="0" tests="3" name="chromeTest" time="77.041" errors="0" timestamp="2025-06-19T15:31:37 IST">
  <testcase classname="testMain.Rediff_Main_Test" name="rediffMainTest" time="11.739"/>
  <testcase classname="testMain.Rediff_Main_Test" name="rediffMainTest" time="10.199"/>
  <testcase classname="testMain.Rediff_Main_Test" name="rediffMainTest" time="13.826"/>
</testsuite> <!-- chromeTest -->
