<?xml version="1.0" encoding="UTF-8"?>
<!-- Generated by org.testng.reporters.JUnitXMLReporter -->
<testsuite ignored="0" hostname="LTIN436630" failures="0" tests="3" name="edgeTest" time="44.851" errors="0" timestamp="2025-06-19T15:32:22 IST">
  <testcase classname="testMain.Rediff_Main_Test" name="rediffMainTest" time="11.385"/>
  <testcase classname="testMain.Rediff_Main_Test" name="rediffMainTest" time="9.908"/>
  <testcase classname="testMain.Rediff_Main_Test" name="rediffMainTest" time="8.978"/>
</testsuite> <!-- edgeTest -->
