<?xml version="1.0" encoding="UTF-8"?>
<!-- Generated by org.testng.reporters.JUnitXMLReporter -->
<testsuite ignored="0" hostname="LTIN608207" failures="0" tests="3" name="EbayTest - Chrome" time="40.629" errors="0" timestamp="2025-06-20T17:39:07 IST">
  <testcase classname="com.ebay.runner.mainNG" name="testHomepage" time="1.4"/>
  <testcase classname="com.ebay.runner.mainNG" name="testfilterPage" time="8.159"/>
  <testcase classname="com.ebay.runner.mainNG" name="testfinalPage" time="13.611"/>
</testsuite> <!-- EbayTest - Chrome -->
