<?xml version="1.0" encoding="UTF-8"?>
<!-- Generated by org.testng.reporters.JUnitXMLReporter -->
<testsuite ignored="0" hostname="LTIN507848" failures="0" tests="3" name="ZiglyTest - Chrome" time="21.075" errors="0" timestamp="2025-06-24T14:49:17 IST">
  <testcase classname="com.test.testCases.Main" name="@AfterTest getResult" time="-1.750756757233E9">
    <failure type="org.testng.TestNGException" message="
Can inject only one of &amp;lt;ITestContext, XmlTest&amp;gt; into a @AfterTest annotated getResult.
For more information on native dependency injection please refer to https://testng.org/#_dependency_injection">
      <![CDATA[org.testng.TestNGException: 
Can inject only one of <ITestContext, XmlTest> into a @AfterTest annotated getResult.
For more information on native dependency injection please refer to https://testng.org/#_dependency_injection
... Removed 21 stack frames]]>
    </failure>
  </testcase> <!-- @AfterTest getResult -->
  <testcase classname="com.test.testCases.Main" name="rediffHomePage" time="4.338"/>
  <testcase classname="com.test.testCases.Main" name="createPage" time="0.442"/>
  <testcase classname="com.test.testCases.Main" name="termAndConditionsPage" time="0.212"/>
</testsuite> <!-- ZiglyTest - Chrome -->
