<?xml version="1.0" encoding="UTF-8"?>
<!-- Generated by org.testng.reporters.JUnitXMLReporter -->
<testsuite ignored="0" hostname="LTIN542172" failures="0" tests="3" name="EbayTest - Chrome" time="33.312" errors="0" timestamp="2025-07-08T15:55:25 IST">
  <testcase classname="com.test.EBayTest.EBay_TestCase" name="testHomepage" time="1.674"/>
  <testcase classname="com.test.EBayTest.EBay_TestCase" name="testfilterPage" time="7.639"/>
  <testcase classname="com.test.EBayTest.EBay_TestCase" name="testfinalPage" time="11.617"/>
</testsuite> <!-- EbayTest - Chrome -->
