<?xml version="1.0" encoding="UTF-8"?>
<!-- Generated by org.testng.reporters.JUnitXMLReporter -->
<testsuite ignored="0" hostname="LTIN607296" failures="0" tests="3" name="Test" time="104.385" errors="0" timestamp="2025-07-08T10:01:11 IST">
  <testcase classname="test.Main.TestRunner1" name="launchAndNavigateToContactForm" time="14.079"/>
  <testcase classname="test.Main.TestRunner1" name="fillFormAndSubmitBeforeMessage" time="75.157"/>
  <testcase classname="test.Main.TestRunner1" name="submitMessageAndCaptureAfterScreenshot" time="4.986"/>
</testsuite> <!-- Test -->
