<?xml version="1.0" encoding="UTF-8"?>
<!-- Generated by org.testng.reporters.JUnitXMLReporter -->
<testsuite ignored="0" hostname="LTIN550830" failures="0" tests="3" name="chrometest" time="26.513" errors="0" timestamp="2025-07-07T00:16:08 IST">
  <testcase classname="com.selenium.tests.TestMain" name="testEmptySignIn" time="0.108"/>
  <testcase classname="com.selenium.tests.TestMain" name="testEmptyForgotPasswordFields" time="2.833"/>
  <testcase classname="com.selenium.tests.TestMain" name="testPrivacyPolicyTab" time="2.342"/>
</testsuite> <!-- chrometest -->
