<?xml version="1.0" encoding="UTF-8"?>
<!-- Generated by org.testng.reporters.JUnitXMLReporter -->
<testsuite ignored="0" hostname="LTIN550830" failures="0" tests="3" name="edgetest" time="16.373" errors="0" timestamp="2025-07-07T00:16:24 IST">
  <testcase classname="com.selenium.tests.TestMain" name="testEmptySignIn" time="0.099"/>
  <testcase classname="com.selenium.tests.TestMain" name="testEmptyForgotPasswordFields" time="1.079"/>
  <testcase classname="com.selenium.tests.TestMain" name="testPrivacyPolicyTab" time="2.691"/>
</testsuite> <!-- edgetest -->
