<?xml version="1.0" encoding="UTF-8"?>
<!-- Generated by org.testng.reporters.JUnitXMLReporter -->
<testsuite ignored="0" hostname="LTIN607117" failures="1" tests="2" name="EdgeTest" time="47.052" errors="0" timestamp="2025-06-30T10:03:16 IST">
  <testcase classname="com.test.testScenario.HotelAvailabilityTest" name="cityInitialize" time="1.856"/>
  <testcase classname="com.test.testScenario.HotelAvailabilityTest" name="result" time="29.264">
    <failure type="java.lang.NumberFormatException" message="empty String">
      <![CDATA[java.lang.NumberFormatException: empty String
at java.base/jdk.internal.math.FloatingDecimal.readJavaFormatString(FloatingDecimal.java:1842)
at java.base/jdk.internal.math.FloatingDecimal.parseDouble(FloatingDecimal.java:110)
at java.base/java.lang.Double.parseDouble(Double.java:792)
at com.test.testObjects.FilterResult.lambda$0(FilterResult.java:113)
at java.base/java.util.TimSort.countRunAndMakeAscending(TimSort.java:355)
at java.base/java.util.TimSort.sort(TimSort.java:234)
at java.base/java.util.Arrays.sort(Arrays.java:1308)
at java.base/java.util.stream.SortedOps$SizedRefSortingSink.end(SortedOps.java:353)
at java.base/java.util.stream.AbstractPipeline.copyIntoWithCancel(AbstractPipeline.java:528)
at java.base/java.util.stream.AbstractPipeline.copyInto(AbstractPipeline.java:513)
at java.base/java.util.stream.AbstractPipeline.wrapAndCopyInto(AbstractPipeline.java:499)
at java.base/java.util.stream.ReduceOps$ReduceOp.evaluateSequential(ReduceOps.java:921)
at java.base/java.util.stream.AbstractPipeline.evaluate(AbstractPipeline.java:234)
at java.base/java.util.stream.ReferencePipeline.collect(ReferencePipeline.java:682)
at com.test.testObjects.FilterResult.getTopFive(FilterResult.java:117)
at com.test.testScenario.HotelAvailabilityTest.result(HotelAvailabilityTest.java:75)
at java.base/java.util.ArrayList.forEach(ArrayList.java:1596)
... Removed 25 stack frames]]>
    </failure>
  </testcase> <!-- result -->
</testsuite> <!-- EdgeTest -->
